<?xml version="1.0" encoding="UTF-8"?>
<!-- Generated by org.testng.reporters.JUnitReportReporter -->
<testsuite hostname="DESKTOP-UDDFKV4" name="FifthTask.BookStore" tests="1" failures="0" timestamp="9 Dec 2020 10:16:54 GMT" time="8.818" errors="0">
  <testcase name="LoginUser" time="8.818" classname="FifthTask.BookStore"/>
</testsuite> <!-- FifthTask.BookStore -->
